01-10-2024	28:27:22---------/v1/api/access/login -- POST -- Forbidden Error api key
01-10-2024	42:28:22---------/v1/api/access/login -- POST -- Operation `api_keys.findOne()` buffering timed out after 10000ms
01-10-2024	01:29:22---------/v1/api/access/login -- POST -- Forbidden Error api key
01-10-2024	31:30:22---------/v1/api/access/login -- POST -- Forbidden Error api key
01-10-2024	39:30:22---------/v1/api/access/login -- POST -- Forbidden Error api key
01-10-2024	40:33:22---------/v1/api/access/login -- POST -- Argument passed in must be a string of 12 bytes or a string of 24 hex characters or an integer
01-10-2024	38:34:22---------/v1/api/access/login -- POST -- Forbidden Error api key
01-10-2024	25:35:22---------/v1/api/access/login -- POST -- Forbidden Error api key
01-10-2024	23:39:22---------/v1/api/access/login -- POST -- Forbidden Error api key
01-10-2024	54:42:22---------/v1/api/product -- GET -- Forbidden Error api key
01-10-2024	27:47:22---------/v1/api/category -- GET -- Forbidden Error api key
01-10-2024	52:47:22---------/v1/api/category -- GET -- Forbidden Error api key
01-10-2024	13:51:22---------/v1/api/product/draft/all -- GET -- Forbidden Error api key
01-10-2024	23:51:22---------/v1/api/product/draft/all -- GET -- Not found
01-10-2024	34:51:22---------/v1/api/product/draft/all -- GET -- Not found
01-10-2024	29:52:22---------/v1/api/product/66e143f85a30edf447af3fd9 -- GET -- Forbidden Error api key
01-10-2024	46:52:22---------/v1/api/product/draft/all -- GET -- Not found
01-10-2024	11:53:22---------/v1/api/product/published/all -- GET -- Not found
01-10-2024	20:53:22---------/v1/api/product/draft/all -- GET -- Not found
01-10-2024	21:53:22---------/v1/api/product/published/all -- GET -- Not found
01-10-2024	03:59:22---------/v1/api/checkout -- POST -- Not found
01-10-2024	52:00:23---------/v1/api/checkout -- POST -- Not found user
01-10-2024	11:01:23---------/v1/api/checkout -- POST -- createOrder is not a function
01-10-2024	02:02:23---------/v1/api/checkout -- POST -- Not found cart
